#
# There is insufficient memory for the Java Runtime Environment to continue.
# Native memory allocation (mmap) failed to map 268435456 bytes for G1 virtual space
# Possible reasons:
#   The system is out of physical RAM or swap space
#   The process is running with CompressedOops enabled, and the Java Heap may be blocking the growth of the native heap
# Possible solutions:
#   Reduce memory load on the system
#   Increase physical memory or swap space
#   Check if swap backing store is full
#   Decrease Java heap size (-Xmx/-Xms)
#   Decrease number of Java threads
#   Decrease Java thread stack sizes (-Xss)
#   Set larger code cache with -XX:ReservedCodeCacheSize=
#   JVM is running with Zero Based Compressed Oops mode in which the Java heap is
#     placed in the first 32GB address space. The Java Heap base address is the
#     maximum limit for the native heap growth. Please use -XX:HeapBaseMinAddress
#     to set the Java Heap base and to place the Java Heap above 32GB virtual address.
# This output file may be truncated or incomplete.
#
#  Out of Memory Error (os_windows.cpp:3541), pid=9800, tid=8604
#
# JRE version:  (17.0.5+9) (build )
# Java VM: Java HotSpot(TM) 64-Bit Server VM (17.0.5+9-LTS-191, mixed mode, sharing, tiered, compressed oops, compressed class ptrs, g1 gc, windows-amd64)
# No core dump will be written. Minidumps are not enabled by default on client versions of Windows
#

---------------  S U M M A R Y ------------

Command Line: -Dfile.encoding=UTF-8 --module-path=C:\Users\Rokvic Nkola\Documents\NetBeansProjects\MyProject\build\classes parking.Parking

Host: AMD FX(tm)-8150 Eight-Core Processor           , 8 cores, 15G,  Windows 10 , 64 bit Build 19041 (10.0.19041.2546)
Time: Tue Apr 11 22:06:12 2023 Central Europe Daylight Time elapsed time: 0.048422 seconds (0d 0h 0m 0s)

---------------  T H R E A D  ---------------

Current thread (0x0000025536feca50):  JavaThread "Unknown thread" [_thread_in_vm, id=8604, stack(0x00000089b2000000,0x00000089b2100000)]

Stack: [0x00000089b2000000,0x00000089b2100000]
Native frames: (J=compiled Java code, j=interpreted, Vv=VM code, C=native code)
V  [jvm.dll+0x672eea]
V  [jvm.dll+0x7d2a04]
V  [jvm.dll+0x7d41ae]
V  [jvm.dll+0x7d4813]
V  [jvm.dll+0x242c15]
V  [jvm.dll+0x66fe09]
V  [jvm.dll+0x664682]
V  [jvm.dll+0x300e8b]
V  [jvm.dll+0x308426]
V  [jvm.dll+0x357ffe]
V  [jvm.dll+0x35822f]
V  [jvm.dll+0x2d80a8]
V  [jvm.dll+0x2d9014]
V  [jvm.dll+0x7a44e1]
V  [jvm.dll+0x365df1]
V  [jvm.dll+0x7838fc]
V  [jvm.dll+0x3e873f]
V  [jvm.dll+0x3ea1e1]
C  [jli.dll+0x527b]
C  [ucrtbase.dll+0x21bb2]
C  [KERNEL32.DLL+0x17614]
C  [ntdll.dll+0x526a1]


---------------  P R O C E S S  ---------------

Threads class SMR info:
_java_thread_list=0x00007ffc91c2a8d8, length=0, elements={
}

Java Threads: ( => current thread )

Other Threads:
  0x0000025537057b90 GCTaskThread "GC Thread#0" [stack: 0x00000089b2100000,0x00000089b2200000] [id=17652]
  0x000002553706c120 ConcurrentGCThread "G1 Main Marker" [stack: 0x00000089b2200000,0x00000089b2300000] [id=17792]
  0x000002553706cb30 ConcurrentGCThread "G1 Conc#0" [stack: 0x00000089b2300000,0x00000089b2400000] [id=15508]

[error occurred during error reporting (printing all threads), id 0xc0000005, EXCEPTION_ACCESS_VIOLATION (0xc0000005) at pc=0x00007ffc91478a97]

VM state: not at safepoint (not fully initialized)

VM Mutex/Monitor currently owned by a thread:  ([mutex/lock_event])
[0x0000025536fe8b40] Heap_lock - owner thread: 0x0000025536feca50

Heap address: 0x0000000701800000, size: 4072 MB, Compressed Oops mode: Zero based, Oop shift amount: 3

CDS archive(s) mapped at: [0x0000000000000000-0x0000000000000000-0x0000000000000000), size 0, SharedBaseAddress: 0x0000000800000000, ArchiveRelocationMode: 0.
Narrow klass base: 0x0000000000000000, Narrow klass shift: 0, Narrow klass range: 0x0

GC Precious Log:
<Empty>

Heap:
 garbage-first heap   total 0K, used 0K [0x0000000701800000, 0x0000000800000000)
  region size 2048K, 0 young (0K), 0 survivors (0K)

[error occurred during error reporting (printing heap information), id 0xc0000005, EXCEPTION_ACCESS_VIOLATION (0xc0000005) at pc=0x00007ffc9185c399]

GC Heap History (0 events):
No events

Deoptimization events (0 events):
No events

Classes unloaded (0 events):
No events

Classes redefined (0 events):
No events

Internal exceptions (0 events):
No events

VM Operations (0 events):
No events

Events (1 events):
Event: 0.010 Loaded shared library C:\Program Files\Java\jdk-17.0.5\bin\java.dll


Dynamic libraries:
0x00007ff62cad0000 - 0x00007ff62cae0000 	C:\Program Files\Java\jdk-17.0.5\bin\java.exe
0x00007ffcd0d30000 - 0x00007ffcd0f28000 	C:\Windows\SYSTEM32\ntdll.dll
0x00007ffccfec0000 - 0x00007ffccff7f000 	C:\Windows\System32\KERNEL32.DLL
0x00007ffcce650000 - 0x00007ffcce922000 	C:\Windows\System32\KERNELBASE.dll
0x00007ffccec80000 - 0x00007ffcced80000 	C:\Windows\System32\ucrtbase.dll
0x00007ffcc9fb0000 - 0x00007ffcc9fca000 	C:\Program Files\Java\jdk-17.0.5\bin\VCRUNTIME140.dll
0x00007ffcc7930000 - 0x00007ffcc7948000 	C:\Program Files\Java\jdk-17.0.5\bin\jli.dll
0x00007ffcd0010000 - 0x00007ffcd00be000 	C:\Windows\System32\ADVAPI32.dll
0x00007ffccf5c0000 - 0x00007ffccf65e000 	C:\Windows\System32\msvcrt.dll
0x00007ffccf430000 - 0x00007ffccf4cc000 	C:\Windows\System32\sechost.dll
0x00007ffcced80000 - 0x00007ffcceea4000 	C:\Windows\System32\RPCRT4.dll
0x00007ffccf8c0000 - 0x00007ffccfa61000 	C:\Windows\System32\USER32.dll
0x00007ffcce540000 - 0x00007ffcce562000 	C:\Windows\System32\win32u.dll
0x00007ffcbce40000 - 0x00007ffcbd0da000 	C:\Windows\WinSxS\amd64_microsoft.windows.common-controls_6595b64144ccf1df_6.0.19041.1110_none_60b5254171f9507e\COMCTL32.dll
0x00007ffccf4d0000 - 0x00007ffccf4fb000 	C:\Windows\System32\GDI32.dll
0x00007ffcce430000 - 0x00007ffcce53f000 	C:\Windows\System32\gdi32full.dll
0x00007ffcce9a0000 - 0x00007ffccea3d000 	C:\Windows\System32\msvcp_win.dll
0x00007ffcc8320000 - 0x00007ffcc832a000 	C:\Windows\SYSTEM32\VERSION.dll
0x00007ffccf890000 - 0x00007ffccf8c0000 	C:\Windows\System32\IMM32.DLL
0x00007ffcc9f80000 - 0x00007ffcc9f8c000 	C:\Program Files\Java\jdk-17.0.5\bin\vcruntime140_1.dll
0x00007ffcc9790000 - 0x00007ffcc981d000 	C:\Program Files\Java\jdk-17.0.5\bin\msvcp140.dll
0x00007ffc91190000 - 0x00007ffc91d52000 	C:\Program Files\Java\jdk-17.0.5\bin\server\jvm.dll
0x00007ffcd0530000 - 0x00007ffcd0538000 	C:\Windows\System32\PSAPI.DLL
0x00007ffcc2e80000 - 0x00007ffcc2ea7000 	C:\Windows\SYSTEM32\WINMM.dll
0x00007ffccbc50000 - 0x00007ffccbc59000 	C:\Windows\SYSTEM32\WSOCK32.dll
0x00007ffccef80000 - 0x00007ffccefeb000 	C:\Windows\System32\WS2_32.dll
0x00007ffccc310000 - 0x00007ffccc322000 	C:\Windows\SYSTEM32\kernel.appcore.dll
0x00007ffcc9b90000 - 0x00007ffcc9b9a000 	C:\Program Files\Java\jdk-17.0.5\bin\jimage.dll
0x00007ffcbb1d0000 - 0x00007ffcbb3b4000 	C:\Windows\SYSTEM32\DBGHELP.DLL
0x00007ffcbae60000 - 0x00007ffcbae95000 	C:\Windows\SYSTEM32\dbgcore.DLL
0x00007ffcce570000 - 0x00007ffcce5f2000 	C:\Windows\System32\bcryptPrimitives.dll
0x00007ffcc9ba0000 - 0x00007ffcc9bc5000 	C:\Program Files\Java\jdk-17.0.5\bin\java.dll

dbghelp: loaded successfully - version: 4.0.5 - missing functions: none
symbol engine: initialized successfully - sym options: 0x614 - pdb path: .;C:\Program Files\Java\jdk-17.0.5\bin;C:\Windows\SYSTEM32;C:\Windows\WinSxS\amd64_microsoft.windows.common-controls_6595b64144ccf1df_6.0.19041.1110_none_60b5254171f9507e;C:\Program Files\Java\jdk-17.0.5\bin\server

VM Arguments:
jvm_args: -Dfile.encoding=UTF-8 --module-path=C:\Users\Rokvic Nkola\Documents\NetBeansProjects\MyProject\build\classes 
java_command: parking.Parking
java_class_path (initial): C:\Users\Rokvic Nkola\Downloads\mysql-connector-j-8.0.32\mysql-connector-j-8.0.32\mysql-connector-j-8.0.32.jar;C:\Users\Rokvic Nkola\Documents\NetBeansProjects\MyProject\build\classes
Launcher Type: SUN_STANDARD

[Global flags]
     intx CICompilerCount                          = 4                                         {product} {ergonomic}
     uint ConcGCThreads                            = 2                                         {product} {ergonomic}
     uint G1ConcRefinementThreads                  = 8                                         {product} {ergonomic}
   size_t G1HeapRegionSize                         = 2097152                                   {product} {ergonomic}
    uintx GCDrainStackTargetSize                   = 64                                        {product} {ergonomic}
   size_t InitialHeapSize                          = 268435456                                 {product} {ergonomic}
   size_t MarkStackSize                            = 4194304                                   {product} {ergonomic}
   size_t MaxHeapSize                              = 4269801472                                {product} {ergonomic}
   size_t MinHeapDeltaBytes                        = 2097152                                   {product} {ergonomic}
   size_t MinHeapSize                              = 8388608                                   {product} {ergonomic}
    uintx NonNMethodCodeHeapSize                   = 5839372                                {pd product} {ergonomic}
    uintx NonProfiledCodeHeapSize                  = 122909434                              {pd product} {ergonomic}
    uintx ProfiledCodeHeapSize                     = 122909434                              {pd product} {ergonomic}
    uintx ReservedCodeCacheSize                    = 251658240                              {pd product} {ergonomic}
     bool SegmentedCodeCache                       = true                                      {product} {ergonomic}
   size_t SoftMaxHeapSize                          = 4269801472                             {manageable} {ergonomic}
     bool UseCompressedClassPointers               = true                           {product lp64_product} {ergonomic}
     bool UseCompressedOops                        = true                           {product lp64_product} {ergonomic}
     bool UseG1GC                                  = true                                      {product} {ergonomic}
     bool UseLargePagesIndividualAllocation        = false                                  {pd product} {ergonomic}

Logging:
Log output configuration:
 #0: stdout all=warning uptime,level,tags
 #1: stderr all=off uptime,level,tags

Environment Variables:
PATH=C:\Program Files\Common Files\Oracle\Java\javapath;C:\Windows\system32;C:\Windows;C:\Windows\System32\Wbem;C:\Windows\System32\WindowsPowerShell\v1.0\;C:\Windows\System32\OpenSSH\;C:\Program Files (x86)\NVIDIA Corporation\PhysX\Common;C:\Program Files\NVIDIA Corporation\NVIDIA NvDLISR;C:\Program Files\Git\cmd;C:\Program Files\nodejs\;C:\Program Files\MySQL\MySQL Shell 8.0\bin\;C:\Users\Rokvic Nkola\AppData\Local\Microsoft\WindowsApps;C:\Users\Rokvic Nkola\AppData\Local\Programs\Microsoft VS Code\bin;C:\Users\Rokvic Nkola\AppData\Roaming\npm
USERNAME=Rokvic Nkola
OS=Windows_NT
PROCESSOR_IDENTIFIER=AMD64 Family 21 Model 1 Stepping 2, AuthenticAMD



---------------  S Y S T E M  ---------------

OS:
 Windows 10 , 64 bit Build 19041 (10.0.19041.2546)
OS uptime: 4 days 9:41 hours

CPU: total 8 (initial active 8) (8 cores per cpu, 1 threads per core) family 21 model 1 stepping 2 microcode 0x0, cx8, cmov, fxsr, mmx, 3dnowpref, sse, sse2, sse3, ssse3, sse4a, sse4.1, sse4.2, popcnt, lzcnt, tsc, tscinvbit, avx, aes, clmul, vzeroupper, clflush

Memory: 4k page, system-wide physical 16283M (4326M free)
TotalPageFile size 30522M (AvailPageFile size 249M)
current process WorkingSet (physical memory assigned to process): 10M, peak: 10M
current process commit charge ("private bytes"): 60M, peak: 316M

vm_info: Java HotSpot(TM) 64-Bit Server VM (17.0.5+9-LTS-191) for windows-amd64 JRE (17.0.5+9-LTS-191), built on Sep 13 2022 17:31:43 by "mach5one" with MS VC++ 16.8 / 16.9 (VS2019)

END.
